[2026-02-26 09:00:04] ====== GoldKey HF ?먮룞 媛뺤젣 ?щ퉴???쒖옉 ======
[2026-02-26 09:00:05] ?꾩옱 HF Stage: RUNNING
[2026-02-26 09:00:23] HF HEAD ?쇱튂: 1d9aa65
[2026-02-26 09:00:32] HF push ?쒕룄 1 / 5 ...
[2026-02-26 09:00:45] HF push ?깃났
[2026-02-26 09:00:45] ====== 寃쎄퀬: 鍮뚮뱶 寃곌낵 ?뺤씤 ?꾩슂 ======
[2026-02-27 09:00:10] ====== GoldKey HF ?먮룞 媛뺤젣 ?щ퉴???쒖옉 ======
[2026-02-27 09:00:11] ?꾩옱 HF Stage: RUNNING
[2026-02-27 09:00:15] HF HEAD ?쇱튂: a030e0e
[2026-02-27 09:00:19] HF push ?쒕룄 1 / 5 ...
[2026-02-27 09:00:29] HF push ?깃났
[2026-02-27 09:00:29] ====== 寃쎄퀬: 鍮뚮뱶 寃곌낵 ?뺤씤 ?꾩슂 ======
[2026-02-28 09:00:04] ====== GoldKey HF ?먮룞 媛뺤젣 ?щ퉴???쒖옉 ======
[2026-02-28 09:00:05] ?꾩옱 HF Stage: RUNNING
[2026-02-28 09:00:09] HF HEAD ?쇱튂: 11d4d4c
[2026-02-28 09:00:13] HF push ?쒕룄 1 / 5 ...
[2026-02-28 09:00:26] HF push ?깃났
[2026-02-28 09:00:26] ====== 寃쎄퀬: 鍮뚮뱶 寃곌낵 ?뺤씤 ?꾩슂 ======
[2026-03-01 09:00:05] ====== GoldKey HF ?먮룞 媛뺤젣 ?щ퉴???쒖옉 ======
[2026-03-01 09:00:05] ?꾩옱 HF Stage: RUNNING
[2026-03-01 09:00:11] HF HEAD ?쇱튂: a9e1a9c
[2026-03-01 09:00:17] HF push ?쒕룄 1 / 5 ...
[2026-03-01 09:00:33] HF push ?깃났
[2026-03-01 09:00:33] ====== 寃쎄퀬: 鍮뚮뱶 寃곌낵 ?뺤씤 ?꾩슂 ======
[2026-03-02 09:00:04] ====== GoldKey HF ?먮룞 媛뺤젣 ?щ퉴???쒖옉 ======
[2026-03-02 09:00:04] ?꾩옱 HF Stage: RUNNING
[2026-03-02 09:00:08] HF HEAD ?쇱튂: 1fc16fd
[2026-03-02 09:00:11] HF push ?쒕룄 1 / 5 ...
[2026-03-02 09:00:21] HF push ?깃났
[2026-03-02 09:00:21] ====== 寃쎄퀬: 鍮뚮뱶 寃곌낵 ?뺤씤 ?꾩슂 ======
[2026-03-03 09:00:06] ====== GoldKey HF ?먮룞 媛뺤젣 ?щ퉴???쒖옉 ======
[2026-03-03 09:00:06] ?꾩옱 HF Stage: APP_STARTING
[2026-03-03 09:00:12] HF HEAD ?쇱튂: 0bec963
[2026-03-03 09:00:12] HF push ?쒕룄 1 / 5 ...
[2026-03-03 09:00:26] HF push ?깃났
[2026-03-03 09:00:26] ====== 寃쎄퀬: 鍮뚮뱶 寃곌낵 ?뺤씤 ?꾩슂 ======
[2026-03-04 09:00:04] ====== GoldKey HF ?먮룞 媛뺤젣 ?щ퉴???쒖옉 ======
[2026-03-04 09:00:05] ?꾩옱 HF Stage: RUNTIME_ERROR
[2026-03-04 09:00:11] HF HEAD ?쇱튂: 762d211
[2026-03-04 09:00:11] HF push ?쒕룄 1 / 5 ...
[2026-03-04 09:00:23] HF push ?깃났
[2026-03-04 09:00:23] ====== 寃쎄퀬: 鍮뚮뱶 寃곌낵 ?뺤씤 ?꾩슂 ======
[2026-03-05 09:00:06] ====== GoldKey HF ?먮룞 媛뺤젣 ?щ퉴???쒖옉 ======
[2026-03-05 09:00:06] ?꾩옱 HF Stage: RUNNING
[2026-03-05 09:00:13] HF HEAD ?쇱튂: b14836a
[2026-03-05 09:00:20] HF push ?쒕룄 1 / 5 ...
[2026-03-05 09:00:35] HF push ?깃났
[2026-03-05 09:00:35] ====== 寃쎄퀬: 鍮뚮뱶 寃곌낵 ?뺤씤 ?꾩슂 ======
